mode: set
github.com/kascea/stepthrough/pipeline/model.go:14.59,15.20 1 1
github.com/kascea/stepthrough/pipeline/model.go:16.24,18.42 2 1
github.com/kascea/stepthrough/pipeline/model.go:18.42,20.4 1 0
github.com/kascea/stepthrough/pipeline/model.go:21.3,21.9 1 1
github.com/kascea/stepthrough/pipeline/model.go:22.25,24.38 2 0
github.com/kascea/stepthrough/pipeline/model.go:24.38,29.46 2 0
github.com/kascea/stepthrough/pipeline/model.go:29.46,31.5 1 0
github.com/kascea/stepthrough/pipeline/model.go:32.4,32.24 1 0
github.com/kascea/stepthrough/pipeline/model.go:32.24,34.5 1 0
github.com/kascea/stepthrough/pipeline/model.go:37.2,37.12 1 1
github.com/kascea/stepthrough/pipeline/model.go:60.57,61.20 1 1
github.com/kascea/stepthrough/pipeline/model.go:62.23,63.22 1 0
github.com/kascea/stepthrough/pipeline/model.go:64.25,65.35 1 0
github.com/kascea/stepthrough/pipeline/model.go:65.35,67.4 1 0
github.com/kascea/stepthrough/pipeline/model.go:68.24,71.46 3 1
github.com/kascea/stepthrough/pipeline/model.go:71.46,73.4 1 0
github.com/kascea/stepthrough/pipeline/model.go:74.3,74.22 1 1
github.com/kascea/stepthrough/pipeline/model.go:76.2,76.12 1 1
github.com/kascea/stepthrough/pipeline/model.go:84.59,85.20 1 0
github.com/kascea/stepthrough/pipeline/model.go:86.23,86.23 0 0
github.com/kascea/stepthrough/pipeline/model.go:88.25,89.35 1 0
github.com/kascea/stepthrough/pipeline/model.go:89.35,91.4 1 0
github.com/kascea/stepthrough/pipeline/model.go:92.24,95.46 3 0
github.com/kascea/stepthrough/pipeline/model.go:95.46,97.4 1 0
github.com/kascea/stepthrough/pipeline/model.go:98.3,98.24 1 0
github.com/kascea/stepthrough/pipeline/model.go:100.2,100.12 1 0
github.com/kascea/stepthrough/pipeline/model.go:165.44,167.97 2 1
github.com/kascea/stepthrough/pipeline/model.go:167.97,168.19 1 1
github.com/kascea/stepthrough/pipeline/model.go:168.19,170.4 1 1
github.com/kascea/stepthrough/pipeline/model.go:172.2,172.12 1 1
github.com/kascea/stepthrough/pipeline/model.go:221.32,222.9 1 1
github.com/kascea/stepthrough/pipeline/model.go:223.22,224.24 1 1
github.com/kascea/stepthrough/pipeline/model.go:225.20,226.22 1 1
github.com/kascea/stepthrough/pipeline/model.go:227.20,228.22 1 1
github.com/kascea/stepthrough/pipeline/model.go:229.26,230.28 1 0
github.com/kascea/stepthrough/pipeline/model.go:231.20,232.22 1 1
github.com/kascea/stepthrough/pipeline/model.go:233.24,234.26 1 1
github.com/kascea/stepthrough/pipeline/model.go:235.24,236.26 1 1
github.com/kascea/stepthrough/pipeline/model.go:237.10,238.25 1 0
github.com/kascea/stepthrough/pipeline/model.go:243.31,244.25 1 1
github.com/kascea/stepthrough/pipeline/model.go:244.25,246.3 1 1
github.com/kascea/stepthrough/pipeline/model.go:247.2,247.18 1 1
github.com/kascea/stepthrough/pipeline/model.go:248.22,249.25 1 1
github.com/kascea/stepthrough/pipeline/model.go:249.25,251.4 1 1
github.com/kascea/stepthrough/pipeline/model.go:252.3,252.31 1 1
github.com/kascea/stepthrough/pipeline/model.go:253.20,254.23 1 0
github.com/kascea/stepthrough/pipeline/model.go:254.23,256.4 1 0
github.com/kascea/stepthrough/pipeline/model.go:257.3,257.27 1 0
github.com/kascea/stepthrough/pipeline/model.go:258.40,259.42 1 0
github.com/kascea/stepthrough/pipeline/model.go:260.20,261.27 1 1
github.com/kascea/stepthrough/pipeline/model.go:262.24,263.35 1 1
github.com/kascea/stepthrough/pipeline/model.go:264.24,265.35 1 1
github.com/kascea/stepthrough/pipeline/model.go:266.10,267.26 1 0
github.com/kascea/stepthrough/pipeline/parser.go:11.44,13.16 2 1
github.com/kascea/stepthrough/pipeline/parser.go:13.16,15.3 1 1
github.com/kascea/stepthrough/pipeline/parser.go:16.2,16.25 1 1
github.com/kascea/stepthrough/pipeline/parser.go:20.49,23.51 2 1
github.com/kascea/stepthrough/pipeline/parser.go:23.51,25.3 1 1
github.com/kascea/stepthrough/pipeline/parser.go:28.2,29.38 2 1
github.com/kascea/stepthrough/pipeline/parser.go:29.38,31.3 1 0
github.com/kascea/stepthrough/pipeline/parser.go:34.2,34.50 1 1
github.com/kascea/stepthrough/pipeline/parser.go:34.50,36.3 1 0
github.com/kascea/stepthrough/pipeline/parser.go:39.2,39.43 1 1
github.com/kascea/stepthrough/pipeline/parser.go:39.43,45.3 2 0
github.com/kascea/stepthrough/pipeline/parser.go:48.2,48.44 1 1
github.com/kascea/stepthrough/pipeline/parser.go:48.44,57.3 2 1
github.com/kascea/stepthrough/pipeline/parser.go:61.2,61.27 1 1
github.com/kascea/stepthrough/pipeline/parser.go:61.27,62.37 1 1
github.com/kascea/stepthrough/pipeline/parser.go:62.37,64.46 2 1
github.com/kascea/stepthrough/pipeline/parser.go:64.46,66.5 1 1
github.com/kascea/stepthrough/pipeline/parser.go:71.2,71.27 1 1
github.com/kascea/stepthrough/pipeline/parser.go:71.27,72.37 1 1
github.com/kascea/stepthrough/pipeline/parser.go:72.37,73.48 1 1
github.com/kascea/stepthrough/pipeline/parser.go:73.48,75.5 1 1
github.com/kascea/stepthrough/pipeline/parser.go:79.2,79.15 1 1
github.com/kascea/stepthrough/pipeline/parser.go:83.38,85.34 2 1
github.com/kascea/stepthrough/pipeline/parser.go:85.34,87.30 2 1
github.com/kascea/stepthrough/pipeline/parser.go:87.30,89.4 1 1
github.com/kascea/stepthrough/pipeline/parser.go:90.3,90.35 1 1
github.com/kascea/stepthrough/pipeline/parser.go:90.35,92.29 2 1
github.com/kascea/stepthrough/pipeline/parser.go:92.29,94.5 1 1
github.com/kascea/stepthrough/pipeline/parser.go:95.4,96.20 2 1
github.com/kascea/stepthrough/pipeline/parser.go:96.20,98.5 1 1
github.com/kascea/stepthrough/pipeline/parser.go:99.4,99.30 1 1
github.com/kascea/stepthrough/pipeline/parser.go:99.30,109.5 1 1
github.com/kascea/stepthrough/pipeline/parser.go:112.2,112.13 1 1
github.com/kascea/stepthrough/pipeline/parser.go:117.59,118.62 1 1
github.com/kascea/stepthrough/pipeline/parser.go:118.62,120.3 1 1
github.com/kascea/stepthrough/pipeline/parser.go:121.2,122.37 2 1
github.com/kascea/stepthrough/pipeline/parser.go:122.37,124.3 1 0
github.com/kascea/stepthrough/pipeline/parser.go:126.2,126.48 1 1
github.com/kascea/stepthrough/pipeline/parser.go:126.48,130.55 3 1
github.com/kascea/stepthrough/pipeline/parser.go:130.55,131.43 1 1
github.com/kascea/stepthrough/pipeline/parser.go:131.43,133.19 2 1
github.com/kascea/stepthrough/pipeline/parser.go:133.19,135.6 1 0
github.com/kascea/stepthrough/pipeline/parser.go:136.5,136.27 1 1
github.com/kascea/stepthrough/pipeline/parser.go:136.27,138.6 1 1
github.com/kascea/stepthrough/pipeline/parser.go:140.5,140.65 1 1
github.com/kascea/stepthrough/pipeline/parser.go:140.65,142.6 1 0
github.com/kascea/stepthrough/pipeline/parser.go:146.3,146.53 1 1
github.com/kascea/stepthrough/pipeline/parser.go:146.53,147.41 1 0
github.com/kascea/stepthrough/pipeline/parser.go:147.41,149.19 2 0
github.com/kascea/stepthrough/pipeline/parser.go:149.19,151.6 1 0
github.com/kascea/stepthrough/pipeline/parser.go:154.5,154.25 1 0
github.com/kascea/stepthrough/pipeline/parser.go:154.25,156.6 1 0
github.com/kascea/stepthrough/pipeline/parser.go:160.2,160.12 1 1
github.com/kascea/stepthrough/pipeline/parser.go:163.75,164.40 1 1
github.com/kascea/stepthrough/pipeline/parser.go:164.40,166.3 1 0
github.com/kascea/stepthrough/pipeline/parser.go:167.2,167.51 1 1
github.com/kascea/stepthrough/pipeline/parser.go:167.51,168.43 1 1
github.com/kascea/stepthrough/pipeline/parser.go:168.43,170.42 2 1
github.com/kascea/stepthrough/pipeline/parser.go:170.42,172.5 1 0
github.com/kascea/stepthrough/pipeline/parser.go:173.4,173.46 1 1
github.com/kascea/stepthrough/pipeline/parser.go:173.46,175.19 2 1
github.com/kascea/stepthrough/pipeline/parser.go:175.19,177.6 1 0
github.com/kascea/stepthrough/pipeline/parser.go:178.5,178.58 1 1
github.com/kascea/stepthrough/pipeline/parser.go:178.58,180.6 1 1
github.com/kascea/stepthrough/pipeline/parser.go:184.2,184.12 1 1
github.com/kascea/stepthrough/pipeline/parser.go:187.47,189.9 2 1
github.com/kascea/stepthrough/pipeline/parser.go:190.24,191.20 1 1
github.com/kascea/stepthrough/pipeline/parser.go:192.24,193.20 1 0
github.com/kascea/stepthrough/pipeline/parser.go:194.23,195.19 1 0
github.com/kascea/stepthrough/pipeline/parser.go:197.2,197.18 1 1
github.com/kascea/stepthrough/pipeline/parser.go:197.18,199.3 1 0
github.com/kascea/stepthrough/pipeline/parser.go:200.2,200.25 1 1
github.com/kascea/stepthrough/pipeline/parser.go:203.58,204.35 1 1
github.com/kascea/stepthrough/pipeline/parser.go:204.35,206.3 1 0
github.com/kascea/stepthrough/pipeline/parser.go:207.2,207.46 1 1
github.com/kascea/stepthrough/pipeline/parser.go:207.46,208.43 1 1
github.com/kascea/stepthrough/pipeline/parser.go:208.43,209.12 1 1
github.com/kascea/stepthrough/pipeline/parser.go:211.3,212.19 2 1
github.com/kascea/stepthrough/pipeline/parser.go:213.24,214.35 1 1
github.com/kascea/stepthrough/pipeline/parser.go:215.26,217.38 2 1
github.com/kascea/stepthrough/pipeline/parser.go:217.38,219.5 1 1
github.com/kascea/stepthrough/pipeline/parser.go:220.4,220.20 1 1
github.com/kascea/stepthrough/pipeline/parser.go:223.2,223.17 1 1
github.com/kascea/stepthrough/orchestrator/orchestrator.go:76.65,83.2 1 1
github.com/kascea/stepthrough/orchestrator/orchestrator.go:86.64,91.16 4 1
github.com/kascea/stepthrough/orchestrator/orchestrator.go:91.16,98.3 6 0
github.com/kascea/stepthrough/orchestrator/orchestrator.go:100.2,106.30 7 1
github.com/kascea/stepthrough/orchestrator/orchestrator.go:106.30,108.3 1 1
github.com/kascea/stepthrough/orchestrator/orchestrator.go:109.2,110.16 2 1
github.com/kascea/stepthrough/orchestrator/orchestrator.go:114.49,118.2 3 1
github.com/kascea/stepthrough/orchestrator/orchestrator.go:122.60,127.2 4 1
github.com/kascea/stepthrough/orchestrator/orchestrator.go:130.50,134.2 3 0
github.com/kascea/stepthrough/orchestrator/orchestrator.go:137.48,140.43 3 1
github.com/kascea/stepthrough/orchestrator/orchestrator.go:140.43,143.3 2 0
github.com/kascea/stepthrough/orchestrator/orchestrator.go:144.2,144.41 1 1
github.com/kascea/stepthrough/orchestrator/orchestrator.go:144.41,147.3 2 0
github.com/kascea/stepthrough/orchestrator/orchestrator.go:148.2,159.51 9 1
github.com/kascea/stepthrough/orchestrator/orchestrator.go:159.51,163.3 3 1
github.com/kascea/stepthrough/orchestrator/orchestrator.go:164.2,167.38 3 1
github.com/kascea/stepthrough/orchestrator/orchestrator.go:167.38,169.3 1 0
github.com/kascea/stepthrough/orchestrator/orchestrator.go:171.2,172.55 2 1
github.com/kascea/stepthrough/orchestrator/orchestrator.go:176.36,179.24 3 0
github.com/kascea/stepthrough/orchestrator/orchestrator.go:179.24,181.3 1 0
github.com/kascea/stepthrough/orchestrator/orchestrator.go:185.48,188.44 3 0
github.com/kascea/stepthrough/orchestrator/orchestrator.go:188.44,190.3 1 0
github.com/kascea/stepthrough/orchestrator/orchestrator.go:194.53,196.24 2 1
github.com/kascea/stepthrough/orchestrator/orchestrator.go:196.24,198.3 1 1
github.com/kascea/stepthrough/orchestrator/orchestrator.go:199.2,202.33 3 1
github.com/kascea/stepthrough/orchestrator/orchestrator.go:202.33,204.3 1 1
github.com/kascea/stepthrough/orchestrator/orchestrator.go:214.135,215.15 1 1
github.com/kascea/stepthrough/orchestrator/orchestrator.go:215.15,218.14 3 1
github.com/kascea/stepthrough/orchestrator/orchestrator.go:218.14,220.4 1 1
github.com/kascea/stepthrough/orchestrator/orchestrator.go:221.3,222.14 2 1
github.com/kascea/stepthrough/orchestrator/orchestrator.go:222.14,224.4 1 1
github.com/kascea/stepthrough/orchestrator/orchestrator.go:227.2,234.27 6 1
github.com/kascea/stepthrough/orchestrator/orchestrator.go:234.27,235.25 1 1
github.com/kascea/stepthrough/orchestrator/orchestrator.go:235.25,237.4 1 1
github.com/kascea/stepthrough/orchestrator/orchestrator.go:238.3,238.39 1 1
github.com/kascea/stepthrough/orchestrator/orchestrator.go:238.39,240.4 1 1
github.com/kascea/stepthrough/orchestrator/orchestrator.go:241.3,242.18 2 1
github.com/kascea/stepthrough/orchestrator/orchestrator.go:244.2,248.47 2 1
github.com/kascea/stepthrough/orchestrator/orchestrator.go:248.47,249.18 1 1
github.com/kascea/stepthrough/orchestrator/orchestrator.go:249.18,251.4 1 0
github.com/kascea/stepthrough/orchestrator/orchestrator.go:252.3,252.38 1 1
github.com/kascea/stepthrough/orchestrator/orchestrator.go:252.38,254.54 2 1
github.com/kascea/stepthrough/orchestrator/orchestrator.go:254.54,255.13 1 1
github.com/kascea/stepthrough/orchestrator/orchestrator.go:257.4,262.14 6 1
github.com/kascea/stepthrough/orchestrator/orchestrator.go:262.14,264.15 2 1
github.com/kascea/stepthrough/orchestrator/orchestrator.go:264.15,265.23 1 1
github.com/kascea/stepthrough/orchestrator/orchestrator.go:265.24,266.7 0 1
github.com/kascea/stepthrough/orchestrator/orchestrator.go:268.5,268.82 1 1
github.com/kascea/stepthrough/orchestrator/orchestrator.go:270.4,271.10 2 1
github.com/kascea/stepthrough/orchestrator/orchestrator.go:275.2,275.60 1 1
github.com/kascea/stepthrough/orchestrator/orchestrator.go:275.60,276.10 1 1
github.com/kascea/stepthrough/orchestrator/orchestrator.go:277.21,278.10 1 0
github.com/kascea/stepthrough/orchestrator/orchestrator.go:279.11,279.11 0 1
github.com/kascea/stepthrough/orchestrator/orchestrator.go:282.3,284.46 3 1
github.com/kascea/stepthrough/orchestrator/orchestrator.go:284.46,286.4 1 1
github.com/kascea/stepthrough/orchestrator/orchestrator.go:289.3,289.25 1 1
github.com/kascea/stepthrough/orchestrator/orchestrator.go:289.25,293.21 4 1
github.com/kascea/stepthrough/orchestrator/orchestrator.go:293.21,295.29 2 1
github.com/kascea/stepthrough/orchestrator/orchestrator.go:295.29,297.6 1 1
github.com/kascea/stepthrough/orchestrator/orchestrator.go:299.4,303.12 5 1
github.com/kascea/stepthrough/orchestrator/orchestrator.go:306.3,306.25 1 1
github.com/kascea/stepthrough/orchestrator/orchestrator.go:306.25,310.14 4 1
github.com/kascea/stepthrough/orchestrator/orchestrator.go:310.14,312.31 2 1
github.com/kascea/stepthrough/orchestrator/orchestrator.go:312.31,314.6 1 1
github.com/kascea/stepthrough/orchestrator/orchestrator.go:317.4,317.38 1 1
github.com/kascea/stepthrough/orchestrator/orchestrator.go:317.38,320.40 2 1
github.com/kascea/stepthrough/orchestrator/orchestrator.go:320.40,325.6 4 0
github.com/kascea/stepthrough/orchestrator/orchestrator.go:326.5,329.15 4 1
github.com/kascea/stepthrough/orchestrator/orchestrator.go:330.10,337.85 7 1
github.com/kascea/stepthrough/orchestrator/orchestrator.go:337.85,342.6 4 1
github.com/kascea/stepthrough/orchestrator/orchestrator.go:345.4,349.31 3 1
github.com/kascea/stepthrough/orchestrator/orchestrator.go:352.3,352.39 1 1
github.com/kascea/stepthrough/orchestrator/orchestrator.go:352.39,352.81 1 1
github.com/kascea/stepthrough/orchestrator/orchestrator.go:353.3,358.20 5 1
github.com/kascea/stepthrough/orchestrator/orchestrator.go:358.20,360.28 2 1
github.com/kascea/stepthrough/orchestrator/orchestrator.go:360.28,362.5 1 1
github.com/kascea/stepthrough/orchestrator/orchestrator.go:365.3,370.49 5 1
github.com/kascea/stepthrough/orchestrator/orchestrator.go:370.49,372.4 1 1
github.com/kascea/stepthrough/orchestrator/orchestrator.go:372.9,372.57 1 1
github.com/kascea/stepthrough/orchestrator/orchestrator.go:372.57,374.4 1 0
github.com/kascea/stepthrough/orchestrator/orchestrator.go:376.3,376.39 1 1
github.com/kascea/stepthrough/orchestrator/orchestrator.go:376.39,380.4 3 1
github.com/kascea/stepthrough/orchestrator/orchestrator.go:381.3,383.110 2 1
github.com/kascea/stepthrough/orchestrator/orchestrator.go:383.110,385.4 1 1
github.com/kascea/stepthrough/orchestrator/orchestrator.go:389.68,393.2 3 1
github.com/kascea/stepthrough/orchestrator/orchestrator.go:395.60,398.42 3 1
github.com/kascea/stepthrough/orchestrator/orchestrator.go:398.42,400.3 1 1
github.com/kascea/stepthrough/orchestrator/orchestrator.go:401.2,402.13 2 1
github.com/kascea/stepthrough/orchestrator/orchestrator.go:405.64,407.43 2 1
github.com/kascea/stepthrough/orchestrator/orchestrator.go:407.43,410.3 2 1
github.com/kascea/stepthrough/orchestrator/orchestrator.go:411.2,411.18 1 1
github.com/kascea/stepthrough/orchestrator/orchestrator.go:414.65,417.30 3 1
github.com/kascea/stepthrough/orchestrator/orchestrator.go:417.30,419.3 1 1
github.com/kascea/stepthrough/orchestrator/orchestrator.go:422.56,425.26 3 1
github.com/kascea/stepthrough/orchestrator/orchestrator.go:425.26,427.25 2 1
github.com/kascea/stepthrough/orchestrator/orchestrator.go:427.25,429.4 1 1
github.com/kascea/stepthrough/orchestrator/orchestrator.go:430.3,438.4 1 1
github.com/kascea/stepthrough/orchestrator/orchestrator.go:440.2,440.15 1 1
github.com/kascea/stepthrough/orchestrator/orchestrator.go:443.49,445.2 1 1
github.com/kascea/stepthrough/orchestrator/orchestrator.go:447.55,449.2 1 1
github.com/kascea/stepthrough/orchestrator/orchestrator.go:451.44,453.47 2 1
github.com/kascea/stepthrough/orchestrator/orchestrator.go:453.47,455.3 1 1
github.com/kascea/stepthrough/orchestrator/orchestrator.go:457.2,458.16 2 1
github.com/kascea/stepthrough/orchestrator/orchestrator.go:458.16,460.17 2 1
github.com/kascea/stepthrough/orchestrator/orchestrator.go:460.17,462.4 1 1
github.com/kascea/stepthrough/orchestrator/orchestrator.go:465.2,465.12 1 1
github.com/kascea/stepthrough/service/log_store.go:18.30,20.2 1 1
github.com/kascea/stepthrough/service/log_store.go:23.66,27.25 4 0
github.com/kascea/stepthrough/service/log_store.go:27.25,29.3 1 0
github.com/kascea/stepthrough/service/log_store.go:30.2,31.41 2 0
github.com/kascea/stepthrough/service/log_store.go:31.41,33.3 1 0
github.com/kascea/stepthrough/service/log_store.go:37.39,41.2 3 0
github.com/kascea/stepthrough/service/log_store.go:44.40,48.2 3 0
github.com/kascea/stepthrough/service/log_store.go:51.52,53.34 2 0
github.com/kascea/stepthrough/service/log_store.go:53.34,56.3 2 0
github.com/kascea/stepthrough/service/log_store.go:57.2,57.15 1 0
github.com/kascea/stepthrough/service/log_store.go:61.62,65.34 4 0
github.com/kascea/stepthrough/service/log_store.go:65.34,67.27 2 0
github.com/kascea/stepthrough/service/log_store.go:67.27,69.4 1 0
github.com/kascea/stepthrough/service/log_store.go:70.3,70.17 1 0
github.com/kascea/stepthrough/service/log_store.go:72.2,72.12 1 0
github.com/kascea/stepthrough/service/pipeline.go:41.80,47.21 2 1
github.com/kascea/stepthrough/service/pipeline.go:47.21,47.45 1 0
github.com/kascea/stepthrough/service/pipeline.go:48.20,48.54 1 0
github.com/kascea/stepthrough/service/pipeline.go:50.2,50.12 1 1
github.com/kascea/stepthrough/service/pipeline.go:53.71,53.88 1 0
github.com/kascea/stepthrough/service/pipeline.go:56.55,60.2 3 0
github.com/kascea/stepthrough/service/pipeline.go:62.56,63.21 1 0
github.com/kascea/stepthrough/service/pipeline.go:63.21,65.3 1 0
github.com/kascea/stepthrough/service/pipeline.go:68.66,70.2 1 0
github.com/kascea/stepthrough/service/pipeline.go:72.80,73.38 1 0
github.com/kascea/stepthrough/service/pipeline.go:73.38,74.26 1 0
github.com/kascea/stepthrough/service/pipeline.go:74.26,75.49 1 0
github.com/kascea/stepthrough/service/pipeline.go:75.49,77.5 1 0
github.com/kascea/stepthrough/service/pipeline.go:79.3,80.16 2 0
github.com/kascea/stepthrough/service/pipeline.go:81.24,83.25 2 0
github.com/kascea/stepthrough/service/pipeline.go:84.31,85.42 1 0
github.com/kascea/stepthrough/service/pipeline.go:90.44,101.26 7 0
github.com/kascea/stepthrough/service/pipeline.go:101.26,103.3 1 0
github.com/kascea/stepthrough/service/pipeline.go:104.2,104.27 1 0
github.com/kascea/stepthrough/service/pipeline.go:104.27,105.21 1 0
github.com/kascea/stepthrough/service/pipeline.go:105.21,107.4 1 0
github.com/kascea/stepthrough/service/pipeline.go:110.2,110.32 1 0
github.com/kascea/stepthrough/service/pipeline.go:110.32,117.3 6 0
github.com/kascea/stepthrough/service/pipeline.go:119.2,119.17 1 0
github.com/kascea/stepthrough/service/pipeline.go:125.52,130.21 4 1
github.com/kascea/stepthrough/service/pipeline.go:130.21,132.3 1 1
github.com/kascea/stepthrough/service/pipeline.go:133.2,137.3 1 1
github.com/kascea/stepthrough/service/pipeline.go:142.55,143.70 1 0
github.com/kascea/stepthrough/service/pipeline.go:143.70,145.3 1 0
github.com/kascea/stepthrough/service/pipeline.go:146.2,146.16 1 0
github.com/kascea/stepthrough/service/pipeline.go:151.51,153.9 2 0
github.com/kascea/stepthrough/service/pipeline.go:153.9,155.3 1 0
github.com/kascea/stepthrough/service/pipeline.go:157.2,158.18 2 0
github.com/kascea/stepthrough/service/pipeline.go:158.18,162.3 3 0
github.com/kascea/stepthrough/service/pipeline.go:164.2,167.17 4 0
github.com/kascea/stepthrough/service/pipeline.go:172.51,173.65 1 0
github.com/kascea/stepthrough/service/pipeline.go:173.65,175.3 1 0
github.com/kascea/stepthrough/service/pipeline.go:177.2,177.49 1 0
github.com/kascea/stepthrough/service/pipeline.go:177.49,181.3 3 0
github.com/kascea/stepthrough/service/pipeline.go:183.2,184.18 2 0
github.com/kascea/stepthrough/service/pipeline.go:184.18,188.3 3 0
github.com/kascea/stepthrough/service/pipeline.go:189.2,190.44 2 0
github.com/kascea/stepthrough/service/pipeline.go:194.53,197.2 2 0
github.com/kascea/stepthrough/service/pipeline.go:201.50,203.9 2 0
github.com/kascea/stepthrough/service/pipeline.go:203.9,205.3 1 0
github.com/kascea/stepthrough/service/pipeline.go:206.2,207.12 2 0
github.com/kascea/stepthrough/service/pipeline.go:207.12,208.18 1 0
github.com/kascea/stepthrough/service/pipeline.go:208.18,210.4 1 0
github.com/kascea/stepthrough/service/pipeline.go:211.3,211.21 1 0
github.com/kascea/stepthrough/service/pipeline.go:217.47,219.16 2 0
github.com/kascea/stepthrough/service/pipeline.go:219.16,221.3 1 0
github.com/kascea/stepthrough/service/pipeline.go:222.2,222.69 1 0
github.com/kascea/stepthrough/service/pipeline.go:222.69,224.3 1 0
github.com/kascea/stepthrough/service/pipeline.go:225.2,225.13 1 0
github.com/kascea/stepthrough/service/pipeline.go:225.13,228.3 2 0
github.com/kascea/stepthrough/service/pipeline.go:232.68,234.9 2 0
github.com/kascea/stepthrough/service/pipeline.go:234.9,236.3 1 0
github.com/kascea/stepthrough/service/pipeline.go:237.2,239.26 3 0
github.com/kascea/stepthrough/service/pipeline.go:243.55,244.38 1 0
github.com/kascea/stepthrough/service/pipeline.go:244.38,246.3 1 0
github.com/kascea/stepthrough/service/pipeline.go:250.84,252.9 2 0
github.com/kascea/stepthrough/service/pipeline.go:252.9,254.3 1 0
github.com/kascea/stepthrough/service/pipeline.go:255.2,255.24 1 0
github.com/kascea/stepthrough/service/pipeline.go:259.72,260.38 1 0
github.com/kascea/stepthrough/service/pipeline.go:260.38,262.3 1 0
github.com/kascea/stepthrough/service/pipeline.go:266.69,267.85 1 0
github.com/kascea/stepthrough/service/pipeline.go:267.85,269.3 1 0
github.com/kascea/stepthrough/service/pipeline.go:270.2,270.9 1 0
github.com/kascea/stepthrough/service/pipeline.go:270.9,272.3 1 0
github.com/kascea/stepthrough/service/pipeline.go:273.2,275.98 3 0
github.com/kascea/stepthrough/service/pipeline.go:279.51,281.2 1 0
github.com/kascea/stepthrough/service/pipeline.go:284.37,285.36 1 0
github.com/kascea/stepthrough/service/pipeline.go:285.36,287.3 1 0
github.com/kascea/stepthrough/service/tab_manager.go:40.86,46.2 1 1
github.com/kascea/stepthrough/service/tab_manager.go:51.64,53.16 2 0
github.com/kascea/stepthrough/service/tab_manager.go:53.16,54.28 1 0
github.com/kascea/stepthrough/service/tab_manager.go:54.28,56.4 1 0
github.com/kascea/stepthrough/service/tab_manager.go:57.3,57.13 1 0
github.com/kascea/stepthrough/service/tab_manager.go:59.2,59.36 1 0
github.com/kascea/stepthrough/service/tab_manager.go:59.36,62.3 2 0
github.com/kascea/stepthrough/service/tab_manager.go:63.2,64.10 2 0
github.com/kascea/stepthrough/service/tab_manager.go:67.66,69.6 2 0
github.com/kascea/stepthrough/service/tab_manager.go:69.6,70.10 1 0
github.com/kascea/stepthrough/service/tab_manager.go:71.32,72.11 1 0
github.com/kascea/stepthrough/service/tab_manager.go:72.11,74.5 1 0
github.com/kascea/stepthrough/service/tab_manager.go:75.4,75.63 1 0
github.com/kascea/stepthrough/service/tab_manager.go:75.63,76.24 1 0
github.com/kascea/stepthrough/service/tab_manager.go:76.24,78.6 1 0
github.com/kascea/stepthrough/service/tab_manager.go:79.5,79.60 1 0
github.com/kascea/stepthrough/service/tab_manager.go:79.60,80.31 1 0
github.com/kascea/stepthrough/service/tab_manager.go:80.31,82.7 1 0
github.com/kascea/stepthrough/service/tab_manager.go:85.30,86.11 1 0
github.com/kascea/stepthrough/service/tab_manager.go:86.11,88.5 1 0
github.com/kascea/stepthrough/service/tab_manager.go:89.4,89.29 1 0
github.com/kascea/stepthrough/service/tab_manager.go:89.29,91.5 1 0
github.com/kascea/stepthrough/service/tab_manager.go:99.67,102.41 3 1
github.com/kascea/stepthrough/service/tab_manager.go:102.41,106.30 4 0
github.com/kascea/stepthrough/service/tab_manager.go:106.30,107.37 1 0
github.com/kascea/stepthrough/service/tab_manager.go:107.37,109.5 1 0
github.com/kascea/stepthrough/service/tab_manager.go:116.110,120.25 4 0
github.com/kascea/stepthrough/service/tab_manager.go:120.25,122.3 1 0
github.com/kascea/stepthrough/service/tab_manager.go:123.2,125.8 3 0
github.com/kascea/stepthrough/service/tab_manager.go:125.8,127.23 2 0
github.com/kascea/stepthrough/service/tab_manager.go:127.23,129.4 1 0
github.com/kascea/stepthrough/service/tab_manager.go:130.8,132.3 1 0
github.com/kascea/stepthrough/service/tab_manager.go:133.2,133.13 1 0
github.com/kascea/stepthrough/service/tab_manager.go:139.117,142.51 3 0
github.com/kascea/stepthrough/service/tab_manager.go:142.51,144.3 1 0
github.com/kascea/stepthrough/service/tab_manager.go:145.2,150.19 6 0
github.com/kascea/stepthrough/service/tab_manager.go:154.74,157.51 3 0
github.com/kascea/stepthrough/service/tab_manager.go:157.51,159.3 1 0
github.com/kascea/stepthrough/service/tab_manager.go:160.2,160.19 1 0
github.com/kascea/stepthrough/service/tab_manager.go:164.63,167.34 3 0
github.com/kascea/stepthrough/service/tab_manager.go:167.34,169.3 1 0
github.com/kascea/stepthrough/service/tab_manager.go:173.63,176.34 3 0
github.com/kascea/stepthrough/service/tab_manager.go:176.34,178.3 1 0
github.com/kascea/stepthrough/service/tab_manager.go:179.2,179.30 1 0
github.com/kascea/stepthrough/service/tab_manager.go:183.77,186.9 3 0
github.com/kascea/stepthrough/service/tab_manager.go:186.9,189.3 2 0
github.com/kascea/stepthrough/service/tab_manager.go:190.2,191.28 2 0
github.com/kascea/stepthrough/service/tab_manager.go:191.28,192.16 1 0
github.com/kascea/stepthrough/service/tab_manager.go:192.16,194.9 2 0
github.com/kascea/stepthrough/service/tab_manager.go:197.2,197.26 1 0
github.com/kascea/stepthrough/service/tab_manager.go:197.26,198.23 1 0
github.com/kascea/stepthrough/service/tab_manager.go:198.23,200.4 1 0
github.com/kascea/stepthrough/service/tab_manager.go:200.9,202.4 1 0
github.com/kascea/stepthrough/service/tab_manager.go:204.2,206.14 3 0
github.com/kascea/stepthrough/service/tab_manager.go:206.14,208.3 1 0
github.com/kascea/stepthrough/service/tab_manager.go:209.2,209.19 1 0
github.com/kascea/stepthrough/service/tab_manager.go:209.19,211.3 1 0
github.com/kascea/stepthrough/service/tab_manager.go:212.2,212.18 1 0
github.com/kascea/stepthrough/service/tab_manager.go:216.45,220.2 3 0
github.com/kascea/stepthrough/service/tab_manager.go:224.131,227.9 3 0
github.com/kascea/stepthrough/service/tab_manager.go:227.9,230.3 2 0
github.com/kascea/stepthrough/service/tab_manager.go:231.2,236.28 6 0
github.com/kascea/stepthrough/service/tab_manager.go:236.28,237.19 1 0
github.com/kascea/stepthrough/service/tab_manager.go:237.19,239.9 2 0
github.com/kascea/stepthrough/service/tab_manager.go:242.2,242.29 1 0
github.com/kascea/stepthrough/service/tab_manager.go:242.29,244.3 1 0
github.com/kascea/stepthrough/service/tab_manager.go:245.2,246.23 2 0
github.com/kascea/stepthrough/service/tab_manager.go:246.23,248.3 1 0
github.com/kascea/stepthrough/service/tab_manager.go:249.2,249.22 1 0
github.com/kascea/stepthrough/service/tab_manager.go:253.114,260.30 7 0
github.com/kascea/stepthrough/service/tab_manager.go:260.30,261.20 1 0
github.com/kascea/stepthrough/service/tab_manager.go:261.20,263.4 1 0
github.com/kascea/stepthrough/service/tab_manager.go:265.2,265.8 1 0
github.com/kascea/stepthrough/service/tab_manager.go:269.57,273.30 4 0
github.com/kascea/stepthrough/service/tab_manager.go:273.30,274.20 1 0
github.com/kascea/stepthrough/service/tab_manager.go:274.20,276.4 1 0
github.com/kascea/stepthrough/service/tab_manager.go:278.2,278.15 1 0
github.com/kascea/stepthrough/service/tab_manager.go:282.33,285.30 3 0
github.com/kascea/stepthrough/service/tab_manager.go:285.30,286.23 1 0
github.com/kascea/stepthrough/service/tab_manager.go:286.23,289.4 2 0
github.com/kascea/stepthrough/service/ui.go:11.102,13.2 1 0
github.com/kascea/stepthrough/service/ui.go:16.43,18.30 2 0
github.com/kascea/stepthrough/service/ui.go:18.30,20.3 1 0
github.com/kascea/stepthrough/service/ui.go:21.2,22.13 2 0
github.com/kascea/stepthrough/service/ui.go:27.61,29.30 2 0
github.com/kascea/stepthrough/service/ui.go:29.30,31.3 1 0
github.com/kascea/stepthrough/service/ui.go:32.2,33.13 2 0
github.com/kascea/stepthrough/runner/container.go:38.65,43.2 4 0
github.com/kascea/stepthrough/runner/container.go:47.118,68.33 4 0
github.com/kascea/stepthrough/runner/container.go:68.33,75.3 3 0
github.com/kascea/stepthrough/runner/container.go:76.2,76.29 1 0
github.com/kascea/stepthrough/runner/container.go:76.29,78.3 1 0
github.com/kascea/stepthrough/runner/container.go:80.2,83.16 3 0
github.com/kascea/stepthrough/runner/container.go:83.16,85.3 1 0
github.com/kascea/stepthrough/runner/container.go:90.2,92.15 2 0
github.com/kascea/stepthrough/runner/container.go:97.128,99.2 1 0
github.com/kascea/stepthrough/runner/container.go:102.117,106.24 2 0
github.com/kascea/stepthrough/runner/container.go:106.24,108.3 1 0
github.com/kascea/stepthrough/runner/container.go:111.2,124.36 7 0
github.com/kascea/stepthrough/runner/container.go:124.36,126.3 1 0
github.com/kascea/stepthrough/runner/container.go:128.2,129.12 2 0
github.com/kascea/stepthrough/runner/container.go:129.12,133.22 4 0
github.com/kascea/stepthrough/runner/container.go:133.22,135.4 1 0
github.com/kascea/stepthrough/runner/container.go:138.2,142.20 4 0
github.com/kascea/stepthrough/runner/container.go:142.20,143.51 1 0
github.com/kascea/stepthrough/runner/container.go:143.51,145.4 1 0
github.com/kascea/stepthrough/runner/container.go:146.3,146.21 1 0
github.com/kascea/stepthrough/runner/container.go:148.2,148.15 1 0
github.com/kascea/stepthrough/runner/container.go:153.42,155.2 1 0
github.com/kascea/stepthrough/runner/container.go:158.47,161.2 2 0
github.com/kascea/stepthrough/runner/container.go:164.35,164.52 1 0
github.com/kascea/stepthrough/runner/container.go:167.36,167.54 1 0
github.com/kascea/stepthrough/runner/container.go:175.55,177.6 2 1
github.com/kascea/stepthrough/runner/container.go:177.6,179.12 2 1
github.com/kascea/stepthrough/runner/container.go:179.12,181.9 2 1
github.com/kascea/stepthrough/runner/container.go:183.3,186.10 4 1
github.com/kascea/stepthrough/runner/container.go:187.21,187.21 0 1
github.com/kascea/stepthrough/runner/container.go:188.11,188.11 0 0
github.com/kascea/stepthrough/runner/container.go:190.3,190.14 1 1
github.com/kascea/stepthrough/runner/container.go:192.2,192.20 1 1
github.com/kascea/stepthrough/runner/engine.go:23.40,25.2 1 1
github.com/kascea/stepthrough/runner/engine.go:29.138,32.47 2 1
github.com/kascea/stepthrough/runner/engine.go:32.47,34.3 1 0
github.com/kascea/stepthrough/runner/engine.go:36.2,37.9 2 1
github.com/kascea/stepthrough/runner/engine.go:37.9,39.3 1 1
github.com/kascea/stepthrough/runner/engine.go:41.2,41.22 1 1
github.com/kascea/stepthrough/runner/engine.go:41.22,43.3 1 1
github.com/kascea/stepthrough/runner/engine.go:45.2,45.31 1 0
github.com/kascea/stepthrough/runner/engine.go:45.31,47.3 1 0
github.com/kascea/stepthrough/runner/engine.go:47.8,49.73 2 0
github.com/kascea/stepthrough/runner/engine.go:49.73,51.4 1 0
github.com/kascea/stepthrough/runner/engine.go:55.2,59.16 4 0
github.com/kascea/stepthrough/runner/engine.go:59.16,61.3 1 0
github.com/kascea/stepthrough/runner/engine.go:62.2,64.12 3 0
github.com/kascea/stepthrough/runner/engine.go:68.113,73.9 4 0
github.com/kascea/stepthrough/runner/engine.go:73.9,78.3 4 0
github.com/kascea/stepthrough/runner/engine.go:80.2,85.16 5 0
github.com/kascea/stepthrough/runner/engine.go:85.16,88.3 2 0
github.com/kascea/stepthrough/runner/engine.go:89.2,89.44 1 0
github.com/kascea/stepthrough/runner/engine.go:89.44,92.3 2 0
github.com/kascea/stepthrough/runner/engine.go:94.2,95.15 2 0
github.com/kascea/stepthrough/runner/engine.go:99.41,100.24 1 0
github.com/kascea/stepthrough/runner/engine.go:100.24,102.3 1 0
github.com/kascea/stepthrough/runner/engine.go:103.2,103.27 1 0
github.com/kascea/stepthrough/runner/engine.go:107.42,108.24 1 0
github.com/kascea/stepthrough/runner/engine.go:108.24,110.3 1 0
github.com/kascea/stepthrough/runner/engine.go:111.2,111.28 1 0
github.com/kascea/stepthrough/runner/engine.go:115.31,115.60 1 0
github.com/kascea/stepthrough/runner/engine.go:118.47,119.24 1 0
github.com/kascea/stepthrough/runner/engine.go:119.24,122.3 2 0
github.com/kascea/stepthrough/runner/handlers.go:12.71,13.39 1 1
github.com/kascea/stepthrough/runner/handlers.go:13.39,14.29 1 1
github.com/kascea/stepthrough/runner/handlers.go:14.29,16.4 1 1
github.com/kascea/stepthrough/runner/handlers.go:18.2,18.18 1 0
github.com/kascea/stepthrough/runner/handlers.go:37.57,39.2 1 1
github.com/kascea/stepthrough/runner/handlers.go:40.66,42.2 1 1
github.com/kascea/stepthrough/runner/handlers.go:46.55,46.102 1 1
github.com/kascea/stepthrough/runner/handlers.go:47.64,49.2 1 1
github.com/kascea/stepthrough/runner/handlers.go:53.55,55.2 1 1
github.com/kascea/stepthrough/runner/handlers.go:57.64,59.15 2 1
github.com/kascea/stepthrough/runner/handlers.go:59.15,61.3 1 0
github.com/kascea/stepthrough/runner/handlers.go:62.2,70.14 1 1
github.com/kascea/stepthrough/runner/handlers.go:75.59,77.2 1 1
github.com/kascea/stepthrough/runner/handlers.go:78.68,79.29 1 1
github.com/kascea/stepthrough/runner/handlers.go:79.29,81.3 1 1
github.com/kascea/stepthrough/runner/handlers.go:82.2,82.74 1 1
github.com/kascea/stepthrough/runner/handlers.go:87.59,89.2 1 1
github.com/kascea/stepthrough/runner/handlers.go:90.68,92.2 1 1
github.com/kascea/stepthrough/runner/handlers.go:96.55,96.102 1 1
github.com/kascea/stepthrough/runner/handlers.go:97.64,99.9 2 1
github.com/kascea/stepthrough/runner/handlers.go:99.9,101.3 1 1
github.com/kascea/stepthrough/runner/handlers.go:102.2,102.31 1 1
github.com/kascea/stepthrough/runner/handlers.go:102.31,104.3 1 1
github.com/kascea/stepthrough/runner/handlers.go:105.2,109.4 1 1
github.com/kascea/stepthrough/runner/images.go:15.31,19.2 3 0
github.com/kascea/stepthrough/runner/images.go:22.44,24.2 1 0
github.com/kascea/stepthrough/runner/images.go:29.59,30.17 1 1
github.com/kascea/stepthrough/runner/images.go:31.43,32.28 1 1
github.com/kascea/stepthrough/runner/images.go:34.42,35.19 1 1
github.com/kascea/stepthrough/runner/images.go:36.10,38.23 1 1
github.com/kascea/stepthrough/runner/task_adapters.go:42.62,79.2 2 1
github.com/kascea/stepthrough/runner/task_adapters.go:83.65,105.2 4 1
github.com/kascea/stepthrough/runner/task_adapters.go:109.63,126.2 2 1
github.com/kascea/stepthrough/runner/task_adapters.go:130.72,143.2 2 0
github.com/kascea/stepthrough/runner/task_adapters.go:147.69,149.2 1 0
github.com/kascea/stepthrough/runner/task_adapters.go:153.68,155.2 1 0
github.com/kascea/stepthrough/runner/task_adapters.go:159.65,161.2 1 1
github.com/kascea/stepthrough/runner/task_adapters.go:165.71,167.2 1 1
github.com/kascea/stepthrough/runner/task_adapters.go:171.74,173.2 1 1
github.com/kascea/stepthrough/runner/task_adapters.go:177.68,179.2 1 0
github.com/kascea/stepthrough/runner/task_adapters.go:183.62,185.2 1 0
github.com/kascea/stepthrough/runner/task_adapters.go:189.60,191.2 1 0
github.com/kascea/stepthrough/runner/task_adapters.go:195.67,196.50 1 1
github.com/kascea/stepthrough/runner/task_adapters.go:196.50,198.3 1 1
github.com/kascea/stepthrough/runner/task_adapters.go:199.2,199.82 1 0
github.com/kascea/stepthrough/runner/task_adapters.go:202.49,204.2 1 1
github.com/kascea/stepthrough/runner/task_metadata.go:43.85,47.33 3 1
github.com/kascea/stepthrough/runner/task_metadata.go:47.33,49.39 2 1
github.com/kascea/stepthrough/runner/task_metadata.go:49.39,51.4 1 1
github.com/kascea/stepthrough/runner/task_metadata.go:52.3,52.26 1 1
github.com/kascea/stepthrough/runner/task_metadata.go:52.26,54.4 1 1
github.com/kascea/stepthrough/runner/task_metadata.go:57.2,57.30 1 1
github.com/kascea/stepthrough/runner/task_metadata.go:57.30,59.22 2 1
github.com/kascea/stepthrough/runner/task_metadata.go:59.22,61.4 1 0
github.com/kascea/stepthrough/runner/task_metadata.go:62.3,62.88 1 1
github.com/kascea/stepthrough/runner/task_metadata.go:65.2,65.15 1 1
github.com/kascea/stepthrough/runner/task_metadata.go:68.60,70.9 2 1
github.com/kascea/stepthrough/runner/task_metadata.go:70.9,72.3 1 0
github.com/kascea/stepthrough/runner/task_metadata.go:74.2,75.16 2 1
github.com/kascea/stepthrough/runner/task_metadata.go:75.16,77.3 1 1
github.com/kascea/stepthrough/runner/task_metadata.go:78.2,78.25 1 1
github.com/kascea/stepthrough/runner/task_metadata.go:81.68,83.16 2 1
github.com/kascea/stepthrough/runner/task_metadata.go:83.16,85.3 1 0
github.com/kascea/stepthrough/runner/task_metadata.go:86.2,86.20 1 1
github.com/kascea/stepthrough/runner/task_metadata.go:86.20,88.17 2 1
github.com/kascea/stepthrough/runner/task_metadata.go:88.17,90.4 1 1
github.com/kascea/stepthrough/runner/task_metadata.go:91.3,91.31 1 1
github.com/kascea/stepthrough/runner/task_metadata.go:94.2,95.54 2 1
github.com/kascea/stepthrough/runner/task_metadata.go:95.54,97.3 1 0
github.com/kascea/stepthrough/runner/task_metadata.go:99.2,104.38 2 1
github.com/kascea/stepthrough/runner/task_metadata.go:104.38,110.3 1 1
github.com/kascea/stepthrough/runner/task_metadata.go:111.2,111.24 1 1
github.com/kascea/stepthrough/runner/task_metadata.go:114.60,116.40 2 1
github.com/kascea/stepthrough/runner/task_metadata.go:116.40,118.3 1 0
github.com/kascea/stepthrough/runner/task_metadata.go:119.2,120.17 2 1
github.com/kascea/stepthrough/runner/task_metadata.go:120.17,122.3 1 0
github.com/kascea/stepthrough/runner/task_metadata.go:123.2,123.54 1 1
github.com/kascea/stepthrough/runner/task_metadata.go:126.60,128.16 2 1
github.com/kascea/stepthrough/runner/task_metadata.go:128.16,130.3 1 0
github.com/kascea/stepthrough/runner/task_metadata.go:131.2,132.24 2 1
github.com/kascea/stepthrough/runner/task_metadata.go:132.24,134.3 1 1
github.com/kascea/stepthrough/runner/task_metadata.go:135.2,135.18 1 1
github.com/kascea/stepthrough/runner/task_metadata.go:138.58,140.16 2 1
github.com/kascea/stepthrough/runner/task_metadata.go:140.16,142.3 1 0
github.com/kascea/stepthrough/runner/task_metadata.go:143.2,143.63 1 1
github.com/kascea/stepthrough/runner/task_metadata.go:143.63,145.3 1 0
github.com/kascea/stepthrough/runner/task_metadata.go:146.2,146.40 1 1
github.com/kascea/stepthrough/runner/task_metadata.go:149.55,151.16 2 1
github.com/kascea/stepthrough/runner/task_metadata.go:151.16,153.3 1 0
github.com/kascea/stepthrough/runner/task_metadata.go:154.2,154.69 1 1
github.com/kascea/stepthrough/runner/task_metadata.go:157.38,158.59 1 1
github.com/kascea/stepthrough/runner/task_metadata.go:158.59,160.3 1 1
github.com/kascea/stepthrough/runner/task_metadata.go:161.2,162.16 2 0
github.com/kascea/stepthrough/runner/task_metadata.go:162.16,164.3 1 0
github.com/kascea/stepthrough/runner/task_metadata.go:165.2,165.72 1 0
github.com/kascea/stepthrough/runner/task_metadata.go:168.58,170.73 2 1
github.com/kascea/stepthrough/runner/task_metadata.go:170.73,172.3 1 1
github.com/kascea/stepthrough/runner/task_metadata.go:173.2,176.16 4 1
github.com/kascea/stepthrough/runner/task_metadata.go:176.16,178.3 1 0
github.com/kascea/stepthrough/runner/task_metadata.go:179.2,180.38 2 1
github.com/kascea/stepthrough/runner/task_metadata.go:180.38,183.3 2 1
github.com/kascea/stepthrough/runner/task_metadata.go:184.2,184.30 1 1
github.com/kascea/stepthrough/runner/task_metadata.go:187.35,190.2 2 0
github.com/kascea/stepthrough/runner/task_metadata.go:192.43,194.2 1 1
github.com/kascea/stepthrough/runner/variables.go:10.49,11.76 1 1
github.com/kascea/stepthrough/runner/variables.go:11.76,14.3 2 1
github.com/kascea/stepthrough/runner/variables.go:17.39,19.25 2 1
github.com/kascea/stepthrough/runner/variables.go:19.25,20.67 1 1
github.com/kascea/stepthrough/runner/variables.go:20.67,22.12 2 1
github.com/kascea/stepthrough/runner/variables.go:24.3,24.27 1 1
github.com/kascea/stepthrough/runner/variables.go:24.27,26.12 2 1
github.com/kascea/stepthrough/runner/variables.go:28.3,28.19 1 1
github.com/kascea/stepthrough/runner/variables.go:30.2,30.19 1 1
github.com/kascea/stepthrough/runner/variables.go:33.38,38.2 4 1
github.com/kascea/stepthrough/session/session.go:31.19,33.16 2 0
github.com/kascea/stepthrough/session/session.go:33.16,35.3 1 0
github.com/kascea/stepthrough/session/session.go:36.2,37.16 2 0
github.com/kascea/stepthrough/session/session.go:37.16,39.3 1 0
github.com/kascea/stepthrough/session/session.go:40.2,41.46 2 0
github.com/kascea/stepthrough/session/session.go:41.46,43.3 1 0
github.com/kascea/stepthrough/session/session.go:44.2,44.19 1 0
github.com/kascea/stepthrough/session/session.go:44.19,46.3 1 0
github.com/kascea/stepthrough/session/session.go:47.2,47.11 1 0
github.com/kascea/stepthrough/session/session.go:51.20,53.16 2 0
github.com/kascea/stepthrough/session/session.go:53.16,55.3 1 0
github.com/kascea/stepthrough/session/session.go:56.2,58.30 3 0
github.com/kascea/stepthrough/session/session.go:61.20,63.2 1 0
github.com/kascea/stepthrough/session/session.go:65.33,67.16 2 0
github.com/kascea/stepthrough/session/session.go:67.16,69.3 1 0
github.com/kascea/stepthrough/session/session.go:70.2,70.63 1 0
