mode: set
github.com/colecarlson/stepthrough/orchestrator/orchestrator.go:77.65,84.2 1 0
github.com/colecarlson/stepthrough/orchestrator/orchestrator.go:87.64,92.16 4 0
github.com/colecarlson/stepthrough/orchestrator/orchestrator.go:92.16,98.3 5 0
github.com/colecarlson/stepthrough/orchestrator/orchestrator.go:100.2,105.30 6 0
github.com/colecarlson/stepthrough/orchestrator/orchestrator.go:105.30,107.3 1 0
github.com/colecarlson/stepthrough/orchestrator/orchestrator.go:108.2,109.16 2 0
github.com/colecarlson/stepthrough/orchestrator/orchestrator.go:113.49,117.2 3 0
github.com/colecarlson/stepthrough/orchestrator/orchestrator.go:120.50,124.2 3 0
github.com/colecarlson/stepthrough/orchestrator/orchestrator.go:127.48,129.43 2 0
github.com/colecarlson/stepthrough/orchestrator/orchestrator.go:129.43,131.3 1 0
github.com/colecarlson/stepthrough/orchestrator/orchestrator.go:132.2,132.41 1 0
github.com/colecarlson/stepthrough/orchestrator/orchestrator.go:132.41,135.3 2 0
github.com/colecarlson/stepthrough/orchestrator/orchestrator.go:136.2,143.42 7 0
github.com/colecarlson/stepthrough/orchestrator/orchestrator.go:147.36,150.24 3 0
github.com/colecarlson/stepthrough/orchestrator/orchestrator.go:150.24,152.3 1 0
github.com/colecarlson/stepthrough/orchestrator/orchestrator.go:156.48,160.61 4 0
github.com/colecarlson/stepthrough/orchestrator/orchestrator.go:160.61,164.3 3 0
github.com/colecarlson/stepthrough/orchestrator/orchestrator.go:168.53,171.24 3 0
github.com/colecarlson/stepthrough/orchestrator/orchestrator.go:171.24,173.3 1 0
github.com/colecarlson/stepthrough/orchestrator/orchestrator.go:174.2,174.23 1 0
github.com/colecarlson/stepthrough/orchestrator/orchestrator.go:174.23,177.3 2 0
github.com/colecarlson/stepthrough/orchestrator/orchestrator.go:180.111,181.15 1 0
github.com/colecarlson/stepthrough/orchestrator/orchestrator.go:181.15,186.3 4 0
github.com/colecarlson/stepthrough/orchestrator/orchestrator.go:188.2,191.23 3 0
github.com/colecarlson/stepthrough/orchestrator/orchestrator.go:191.23,193.3 1 0
github.com/colecarlson/stepthrough/orchestrator/orchestrator.go:194.2,197.19 3 0
github.com/colecarlson/stepthrough/orchestrator/orchestrator.go:197.19,199.13 2 0
github.com/colecarlson/stepthrough/orchestrator/orchestrator.go:199.13,200.30 1 0
github.com/colecarlson/stepthrough/orchestrator/orchestrator.go:200.30,202.5 1 0
github.com/colecarlson/stepthrough/orchestrator/orchestrator.go:204.3,206.17 3 0
github.com/colecarlson/stepthrough/orchestrator/orchestrator.go:206.17,209.4 2 0
github.com/colecarlson/stepthrough/orchestrator/orchestrator.go:212.2,214.60 2 0
github.com/colecarlson/stepthrough/orchestrator/orchestrator.go:214.60,215.10 1 0
github.com/colecarlson/stepthrough/orchestrator/orchestrator.go:216.21,217.10 1 0
github.com/colecarlson/stepthrough/orchestrator/orchestrator.go:218.11,218.11 0 0
github.com/colecarlson/stepthrough/orchestrator/orchestrator.go:221.3,224.25 2 0
github.com/colecarlson/stepthrough/orchestrator/orchestrator.go:224.25,226.21 2 0
github.com/colecarlson/stepthrough/orchestrator/orchestrator.go:226.21,227.29 1 0
github.com/colecarlson/stepthrough/orchestrator/orchestrator.go:227.29,229.6 1 0
github.com/colecarlson/stepthrough/orchestrator/orchestrator.go:231.4,234.12 4 0
github.com/colecarlson/stepthrough/orchestrator/orchestrator.go:237.3,239.20 2 0
github.com/colecarlson/stepthrough/orchestrator/orchestrator.go:239.20,240.40 1 0
github.com/colecarlson/stepthrough/orchestrator/orchestrator.go:240.40,240.81 1 0
github.com/colecarlson/stepthrough/orchestrator/orchestrator.go:241.4,242.12 2 0
github.com/colecarlson/stepthrough/orchestrator/orchestrator.go:245.3,245.39 1 0
github.com/colecarlson/stepthrough/orchestrator/orchestrator.go:245.39,245.81 1 0
github.com/colecarlson/stepthrough/orchestrator/orchestrator.go:246.3,249.20 3 0
github.com/colecarlson/stepthrough/orchestrator/orchestrator.go:249.20,250.28 1 0
github.com/colecarlson/stepthrough/orchestrator/orchestrator.go:250.28,252.5 1 0
github.com/colecarlson/stepthrough/orchestrator/orchestrator.go:255.3,259.49 4 0
github.com/colecarlson/stepthrough/orchestrator/orchestrator.go:259.49,261.4 1 0
github.com/colecarlson/stepthrough/orchestrator/orchestrator.go:261.9,261.57 1 0
github.com/colecarlson/stepthrough/orchestrator/orchestrator.go:261.57,263.4 1 0
github.com/colecarlson/stepthrough/orchestrator/orchestrator.go:265.3,265.39 1 0
github.com/colecarlson/stepthrough/orchestrator/orchestrator.go:265.39,269.4 3 0
github.com/colecarlson/stepthrough/orchestrator/orchestrator.go:270.3,272.82 2 0
github.com/colecarlson/stepthrough/orchestrator/orchestrator.go:272.82,274.4 1 0
github.com/colecarlson/stepthrough/orchestrator/orchestrator.go:274.9,274.38 1 0
github.com/colecarlson/stepthrough/orchestrator/orchestrator.go:274.38,276.4 1 0
github.com/colecarlson/stepthrough/orchestrator/orchestrator.go:280.65,283.30 3 0
github.com/colecarlson/stepthrough/orchestrator/orchestrator.go:283.30,285.3 1 0
github.com/colecarlson/stepthrough/orchestrator/orchestrator.go:288.56,291.26 3 0
github.com/colecarlson/stepthrough/orchestrator/orchestrator.go:291.26,293.25 2 0
github.com/colecarlson/stepthrough/orchestrator/orchestrator.go:293.25,295.4 1 0
github.com/colecarlson/stepthrough/orchestrator/orchestrator.go:296.3,304.4 1 0
github.com/colecarlson/stepthrough/orchestrator/orchestrator.go:306.2,306.15 1 0
github.com/colecarlson/stepthrough/orchestrator/orchestrator.go:309.55,310.27 1 0
github.com/colecarlson/stepthrough/orchestrator/orchestrator.go:310.27,311.33 1 0
github.com/colecarlson/stepthrough/orchestrator/orchestrator.go:311.33,313.4 1 0
github.com/colecarlson/stepthrough/orchestrator/orchestrator.go:315.2,315.12 1 0
github.com/colecarlson/stepthrough/orchestrator/orchestrator.go:318.67,323.63 5 0
github.com/colecarlson/stepthrough/orchestrator/orchestrator.go:323.63,325.17 2 0
github.com/colecarlson/stepthrough/orchestrator/orchestrator.go:325.17,327.4 1 0
github.com/colecarlson/stepthrough/orchestrator/orchestrator.go:328.3,328.30 1 0
github.com/colecarlson/stepthrough/orchestrator/orchestrator.go:328.30,330.4 1 0
github.com/colecarlson/stepthrough/orchestrator/orchestrator.go:332.2,332.38 1 0
github.com/colecarlson/stepthrough/orchestrator/orchestrator.go:335.44,337.47 2 1
github.com/colecarlson/stepthrough/orchestrator/orchestrator.go:337.47,339.3 1 1
github.com/colecarlson/stepthrough/orchestrator/orchestrator.go:341.2,342.16 2 1
github.com/colecarlson/stepthrough/orchestrator/orchestrator.go:342.16,344.17 2 1
github.com/colecarlson/stepthrough/orchestrator/orchestrator.go:344.17,346.4 1 1
github.com/colecarlson/stepthrough/orchestrator/orchestrator.go:349.2,349.12 1 1
github.com/colecarlson/stepthrough/runner/container.go:23.65,28.2 4 0
github.com/colecarlson/stepthrough/runner/container.go:32.118,53.33 4 0
github.com/colecarlson/stepthrough/runner/container.go:53.33,60.3 3 0
github.com/colecarlson/stepthrough/runner/container.go:61.2,61.29 1 0
github.com/colecarlson/stepthrough/runner/container.go:61.29,63.3 1 0
github.com/colecarlson/stepthrough/runner/container.go:65.2,68.16 3 0
github.com/colecarlson/stepthrough/runner/container.go:68.16,70.3 1 0
github.com/colecarlson/stepthrough/runner/container.go:73.2,80.15 2 0
github.com/colecarlson/stepthrough/runner/container.go:85.128,87.2 1 0
github.com/colecarlson/stepthrough/runner/container.go:90.117,92.24 2 0
github.com/colecarlson/stepthrough/runner/container.go:92.24,94.3 1 0
github.com/colecarlson/stepthrough/runner/container.go:96.2,107.36 6 0
github.com/colecarlson/stepthrough/runner/container.go:107.36,109.3 1 0
github.com/colecarlson/stepthrough/runner/container.go:111.2,112.12 2 0
github.com/colecarlson/stepthrough/runner/container.go:112.12,116.22 4 0
github.com/colecarlson/stepthrough/runner/container.go:116.22,118.4 1 0
github.com/colecarlson/stepthrough/runner/container.go:121.2,125.20 4 0
github.com/colecarlson/stepthrough/runner/container.go:125.20,126.51 1 0
github.com/colecarlson/stepthrough/runner/container.go:126.51,128.4 1 0
github.com/colecarlson/stepthrough/runner/container.go:129.3,129.21 1 0
github.com/colecarlson/stepthrough/runner/container.go:131.2,131.15 1 0
github.com/colecarlson/stepthrough/runner/container.go:136.42,138.2 1 0
github.com/colecarlson/stepthrough/runner/container.go:141.47,144.2 2 0
github.com/colecarlson/stepthrough/runner/container.go:147.35,147.52 1 0
github.com/colecarlson/stepthrough/runner/container.go:150.36,150.54 1 0
github.com/colecarlson/stepthrough/runner/container.go:158.55,160.6 2 0
github.com/colecarlson/stepthrough/runner/container.go:160.6,162.12 2 0
github.com/colecarlson/stepthrough/runner/container.go:162.12,164.9 2 0
github.com/colecarlson/stepthrough/runner/container.go:166.3,170.14 5 0
github.com/colecarlson/stepthrough/runner/container.go:172.2,172.20 1 0
github.com/colecarlson/stepthrough/runner/engine.go:20.40,22.2 1 0
github.com/colecarlson/stepthrough/runner/engine.go:26.138,29.47 2 0
github.com/colecarlson/stepthrough/runner/engine.go:29.47,31.3 1 0
github.com/colecarlson/stepthrough/runner/engine.go:33.2,34.9 2 0
github.com/colecarlson/stepthrough/runner/engine.go:34.9,36.3 1 0
github.com/colecarlson/stepthrough/runner/engine.go:38.2,39.72 2 0
github.com/colecarlson/stepthrough/runner/engine.go:39.72,41.3 1 0
github.com/colecarlson/stepthrough/runner/engine.go:44.2,48.16 4 0
github.com/colecarlson/stepthrough/runner/engine.go:48.16,50.3 1 0
github.com/colecarlson/stepthrough/runner/engine.go:51.2,53.12 3 0
github.com/colecarlson/stepthrough/runner/engine.go:57.113,62.9 4 0
github.com/colecarlson/stepthrough/runner/engine.go:62.9,67.3 4 0
github.com/colecarlson/stepthrough/runner/engine.go:69.2,74.16 5 0
github.com/colecarlson/stepthrough/runner/engine.go:74.16,77.3 2 0
github.com/colecarlson/stepthrough/runner/engine.go:78.2,78.44 1 0
github.com/colecarlson/stepthrough/runner/engine.go:78.44,81.3 2 0
github.com/colecarlson/stepthrough/runner/engine.go:83.2,84.15 2 0
github.com/colecarlson/stepthrough/runner/engine.go:88.41,89.24 1 0
github.com/colecarlson/stepthrough/runner/engine.go:89.24,91.3 1 0
github.com/colecarlson/stepthrough/runner/engine.go:92.2,92.27 1 0
github.com/colecarlson/stepthrough/runner/engine.go:96.42,97.24 1 0
github.com/colecarlson/stepthrough/runner/engine.go:97.24,99.3 1 0
github.com/colecarlson/stepthrough/runner/engine.go:100.2,100.28 1 0
github.com/colecarlson/stepthrough/runner/engine.go:104.31,104.60 1 0
github.com/colecarlson/stepthrough/runner/engine.go:107.47,108.24 1 0
github.com/colecarlson/stepthrough/runner/engine.go:108.24,111.3 2 0
github.com/colecarlson/stepthrough/runner/images.go:9.59,10.17 1 1
github.com/colecarlson/stepthrough/runner/images.go:11.43,12.28 1 1
github.com/colecarlson/stepthrough/runner/images.go:14.42,15.19 1 1
github.com/colecarlson/stepthrough/runner/images.go:16.10,18.23 1 1
github.com/colecarlson/stepthrough/runner/tasks.go:12.71,13.21 1 1
github.com/colecarlson/stepthrough/runner/tasks.go:14.31,15.27 1 1
github.com/colecarlson/stepthrough/runner/tasks.go:16.29,17.25 1 1
github.com/colecarlson/stepthrough/runner/tasks.go:18.58,21.16 2 1
github.com/colecarlson/stepthrough/runner/tasks.go:21.16,23.4 1 0
github.com/colecarlson/stepthrough/runner/tasks.go:24.3,32.14 1 1
github.com/colecarlson/stepthrough/runner/tasks.go:33.33,34.30 1 1
github.com/colecarlson/stepthrough/runner/tasks.go:34.30,36.4 1 1
github.com/colecarlson/stepthrough/runner/tasks.go:38.3,38.75 1 1
github.com/colecarlson/stepthrough/runner/tasks.go:39.29,40.27 1 1
github.com/colecarlson/stepthrough/runner/tasks.go:41.33,42.105 1 1
github.com/colecarlson/stepthrough/runner/tasks.go:43.10,44.19 1 0
github.com/colecarlson/stepthrough/runner/tasks.go:49.54,53.14 3 1
github.com/colecarlson/stepthrough/runner/tasks.go:54.19,63.18 3 1
github.com/colecarlson/stepthrough/runner/tasks.go:65.29,72.16 3 1
github.com/colecarlson/stepthrough/runner/tasks.go:74.26,80.30 3 0
github.com/colecarlson/stepthrough/runner/tasks.go:82.23,86.71 4 0
github.com/colecarlson/stepthrough/runner/tasks.go:88.22,91.61 3 0
github.com/colecarlson/stepthrough/runner/tasks.go:93.19,96.74 3 1
github.com/colecarlson/stepthrough/runner/tasks.go:98.58,101.122 3 1
github.com/colecarlson/stepthrough/runner/tasks.go:103.28,105.59 1 1
github.com/colecarlson/stepthrough/runner/tasks.go:107.60,108.90 1 0
github.com/colecarlson/stepthrough/runner/tasks.go:110.16,112.108 2 0
github.com/colecarlson/stepthrough/runner/tasks.go:114.18,115.93 1 0
github.com/colecarlson/stepthrough/runner/tasks.go:117.25,119.19 2 0
github.com/colecarlson/stepthrough/runner/tasks.go:119.19,121.4 1 0
github.com/colecarlson/stepthrough/runner/tasks.go:122.3,122.81 1 0
github.com/colecarlson/stepthrough/runner/tasks.go:124.10,126.94 1 1
github.com/colecarlson/stepthrough/runner/tasks.go:131.35,132.47 1 1
github.com/colecarlson/stepthrough/runner/tasks.go:132.47,134.3 1 1
github.com/colecarlson/stepthrough/runner/tasks.go:135.2,135.13 1 0
github.com/colecarlson/stepthrough/runner/tasks.go:138.77,139.19 1 1
github.com/colecarlson/stepthrough/runner/tasks.go:139.19,141.3 1 1
github.com/colecarlson/stepthrough/runner/tasks.go:142.2,142.30 1 1
github.com/colecarlson/stepthrough/runner/tasks.go:142.30,144.3 1 1
github.com/colecarlson/stepthrough/runner/tasks.go:145.2,145.19 1 1
github.com/colecarlson/stepthrough/pipeline/model.go:93.44,95.97 2 1
github.com/colecarlson/stepthrough/pipeline/model.go:95.97,96.19 1 1
github.com/colecarlson/stepthrough/pipeline/model.go:96.19,98.4 1 1
github.com/colecarlson/stepthrough/pipeline/model.go:100.2,100.12 1 1
github.com/colecarlson/stepthrough/pipeline/model.go:149.32,150.9 1 1
github.com/colecarlson/stepthrough/pipeline/model.go:151.22,152.24 1 1
github.com/colecarlson/stepthrough/pipeline/model.go:153.20,154.22 1 1
github.com/colecarlson/stepthrough/pipeline/model.go:155.20,156.22 1 1
github.com/colecarlson/stepthrough/pipeline/model.go:157.26,158.28 1 0
github.com/colecarlson/stepthrough/pipeline/model.go:159.20,160.22 1 1
github.com/colecarlson/stepthrough/pipeline/model.go:161.24,162.26 1 1
github.com/colecarlson/stepthrough/pipeline/model.go:163.24,164.26 1 1
github.com/colecarlson/stepthrough/pipeline/model.go:165.10,166.25 1 0
github.com/colecarlson/stepthrough/pipeline/model.go:171.31,172.25 1 1
github.com/colecarlson/stepthrough/pipeline/model.go:172.25,174.3 1 1
github.com/colecarlson/stepthrough/pipeline/model.go:175.2,175.18 1 1
github.com/colecarlson/stepthrough/pipeline/model.go:176.22,177.25 1 1
github.com/colecarlson/stepthrough/pipeline/model.go:177.25,179.4 1 1
github.com/colecarlson/stepthrough/pipeline/model.go:180.3,180.31 1 1
github.com/colecarlson/stepthrough/pipeline/model.go:181.20,182.23 1 0
github.com/colecarlson/stepthrough/pipeline/model.go:182.23,184.4 1 0
github.com/colecarlson/stepthrough/pipeline/model.go:185.3,185.27 1 0
github.com/colecarlson/stepthrough/pipeline/model.go:186.40,187.42 1 0
github.com/colecarlson/stepthrough/pipeline/model.go:188.20,189.27 1 1
github.com/colecarlson/stepthrough/pipeline/model.go:190.24,191.35 1 1
github.com/colecarlson/stepthrough/pipeline/model.go:192.24,193.35 1 1
github.com/colecarlson/stepthrough/pipeline/model.go:194.10,195.26 1 0
github.com/colecarlson/stepthrough/pipeline/parser.go:11.44,13.16 2 1
github.com/colecarlson/stepthrough/pipeline/parser.go:13.16,15.3 1 1
github.com/colecarlson/stepthrough/pipeline/parser.go:16.2,16.25 1 1
github.com/colecarlson/stepthrough/pipeline/parser.go:20.49,23.51 2 1
github.com/colecarlson/stepthrough/pipeline/parser.go:23.51,25.3 1 1
github.com/colecarlson/stepthrough/pipeline/parser.go:28.2,29.38 2 1
github.com/colecarlson/stepthrough/pipeline/parser.go:29.38,31.3 1 0
github.com/colecarlson/stepthrough/pipeline/parser.go:34.2,34.50 1 1
github.com/colecarlson/stepthrough/pipeline/parser.go:34.50,36.3 1 0
github.com/colecarlson/stepthrough/pipeline/parser.go:39.2,39.43 1 1
github.com/colecarlson/stepthrough/pipeline/parser.go:39.43,45.3 2 0
github.com/colecarlson/stepthrough/pipeline/parser.go:48.2,48.44 1 1
github.com/colecarlson/stepthrough/pipeline/parser.go:48.44,57.3 2 1
github.com/colecarlson/stepthrough/pipeline/parser.go:61.2,61.27 1 1
github.com/colecarlson/stepthrough/pipeline/parser.go:61.27,62.37 1 1
github.com/colecarlson/stepthrough/pipeline/parser.go:62.37,64.46 2 1
github.com/colecarlson/stepthrough/pipeline/parser.go:64.46,66.5 1 1
github.com/colecarlson/stepthrough/pipeline/parser.go:71.2,71.27 1 1
github.com/colecarlson/stepthrough/pipeline/parser.go:71.27,72.37 1 1
github.com/colecarlson/stepthrough/pipeline/parser.go:72.37,73.48 1 1
github.com/colecarlson/stepthrough/pipeline/parser.go:73.48,75.5 1 1
github.com/colecarlson/stepthrough/pipeline/parser.go:79.2,79.15 1 1
github.com/colecarlson/stepthrough/pipeline/parser.go:83.38,85.34 2 1
github.com/colecarlson/stepthrough/pipeline/parser.go:85.34,87.30 2 1
github.com/colecarlson/stepthrough/pipeline/parser.go:87.30,89.4 1 1
github.com/colecarlson/stepthrough/pipeline/parser.go:90.3,90.35 1 1
github.com/colecarlson/stepthrough/pipeline/parser.go:90.35,92.29 2 1
github.com/colecarlson/stepthrough/pipeline/parser.go:92.29,94.5 1 1
github.com/colecarlson/stepthrough/pipeline/parser.go:95.4,96.20 2 1
github.com/colecarlson/stepthrough/pipeline/parser.go:96.20,98.5 1 1
github.com/colecarlson/stepthrough/pipeline/parser.go:99.4,99.30 1 1
github.com/colecarlson/stepthrough/pipeline/parser.go:99.30,109.5 1 1
github.com/colecarlson/stepthrough/pipeline/parser.go:112.2,112.13 1 1
github.com/colecarlson/stepthrough/pipeline/parser.go:117.59,118.62 1 1
github.com/colecarlson/stepthrough/pipeline/parser.go:118.62,120.3 1 1
github.com/colecarlson/stepthrough/pipeline/parser.go:121.2,122.37 2 1
github.com/colecarlson/stepthrough/pipeline/parser.go:122.37,124.3 1 0
github.com/colecarlson/stepthrough/pipeline/parser.go:126.2,126.48 1 1
github.com/colecarlson/stepthrough/pipeline/parser.go:126.48,130.55 3 1
github.com/colecarlson/stepthrough/pipeline/parser.go:130.55,131.43 1 1
github.com/colecarlson/stepthrough/pipeline/parser.go:131.43,133.19 2 1
github.com/colecarlson/stepthrough/pipeline/parser.go:133.19,135.6 1 0
github.com/colecarlson/stepthrough/pipeline/parser.go:136.5,136.27 1 1
github.com/colecarlson/stepthrough/pipeline/parser.go:136.27,138.6 1 1
github.com/colecarlson/stepthrough/pipeline/parser.go:140.5,140.65 1 1
github.com/colecarlson/stepthrough/pipeline/parser.go:140.65,142.6 1 0
github.com/colecarlson/stepthrough/pipeline/parser.go:146.3,146.53 1 1
github.com/colecarlson/stepthrough/pipeline/parser.go:146.53,147.41 1 0
github.com/colecarlson/stepthrough/pipeline/parser.go:147.41,149.19 2 0
github.com/colecarlson/stepthrough/pipeline/parser.go:149.19,151.6 1 0
github.com/colecarlson/stepthrough/pipeline/parser.go:154.5,154.25 1 0
github.com/colecarlson/stepthrough/pipeline/parser.go:154.25,156.6 1 0
github.com/colecarlson/stepthrough/pipeline/parser.go:160.2,160.12 1 1
github.com/colecarlson/stepthrough/pipeline/parser.go:163.75,164.40 1 1
github.com/colecarlson/stepthrough/pipeline/parser.go:164.40,166.3 1 0
github.com/colecarlson/stepthrough/pipeline/parser.go:167.2,167.51 1 1
github.com/colecarlson/stepthrough/pipeline/parser.go:167.51,168.43 1 1
github.com/colecarlson/stepthrough/pipeline/parser.go:168.43,170.42 2 1
github.com/colecarlson/stepthrough/pipeline/parser.go:170.42,172.5 1 0
github.com/colecarlson/stepthrough/pipeline/parser.go:173.4,173.46 1 1
github.com/colecarlson/stepthrough/pipeline/parser.go:173.46,175.19 2 1
github.com/colecarlson/stepthrough/pipeline/parser.go:175.19,177.6 1 0
github.com/colecarlson/stepthrough/pipeline/parser.go:178.5,178.58 1 1
github.com/colecarlson/stepthrough/pipeline/parser.go:178.58,180.6 1 1
github.com/colecarlson/stepthrough/pipeline/parser.go:184.2,184.12 1 1
github.com/colecarlson/stepthrough/pipeline/parser.go:187.47,189.9 2 1
github.com/colecarlson/stepthrough/pipeline/parser.go:190.24,191.20 1 1
github.com/colecarlson/stepthrough/pipeline/parser.go:192.24,193.20 1 0
github.com/colecarlson/stepthrough/pipeline/parser.go:194.23,195.19 1 0
github.com/colecarlson/stepthrough/pipeline/parser.go:197.2,197.18 1 1
github.com/colecarlson/stepthrough/pipeline/parser.go:197.18,199.3 1 0
github.com/colecarlson/stepthrough/pipeline/parser.go:200.2,200.25 1 1
github.com/colecarlson/stepthrough/pipeline/parser.go:203.58,204.35 1 1
github.com/colecarlson/stepthrough/pipeline/parser.go:204.35,206.3 1 0
github.com/colecarlson/stepthrough/pipeline/parser.go:207.2,207.46 1 1
github.com/colecarlson/stepthrough/pipeline/parser.go:207.46,208.43 1 1
github.com/colecarlson/stepthrough/pipeline/parser.go:208.43,209.12 1 1
github.com/colecarlson/stepthrough/pipeline/parser.go:211.3,212.19 2 1
github.com/colecarlson/stepthrough/pipeline/parser.go:213.24,214.35 1 1
github.com/colecarlson/stepthrough/pipeline/parser.go:215.26,217.38 2 1
github.com/colecarlson/stepthrough/pipeline/parser.go:217.38,219.5 1 1
github.com/colecarlson/stepthrough/pipeline/parser.go:220.4,220.20 1 1
github.com/colecarlson/stepthrough/pipeline/parser.go:223.2,223.17 1 1
github.com/colecarlson/stepthrough/main.go:20.13,22.22 2 0
github.com/colecarlson/stepthrough/main.go:22.22,24.3 1 0
github.com/colecarlson/stepthrough/main.go:26.2,26.56 1 0
github.com/colecarlson/stepthrough/main.go:26.56,28.3 1 0
github.com/colecarlson/stepthrough/main.go:30.2,35.39 3 0
github.com/colecarlson/stepthrough/main.go:35.39,36.17 1 0
github.com/colecarlson/stepthrough/main.go:36.17,38.4 1 0
github.com/colecarlson/stepthrough/main.go:41.2,76.24 7 0
github.com/colecarlson/stepthrough/main.go:76.24,77.13 1 0
github.com/colecarlson/stepthrough/main.go:77.13,78.57 1 0
github.com/colecarlson/stepthrough/main.go:78.57,80.5 1 0
github.com/colecarlson/stepthrough/main.go:84.2,84.12 1 0
github.com/colecarlson/stepthrough/main.go:84.12,90.3 5 0
github.com/colecarlson/stepthrough/main.go:92.2,92.34 1 0
github.com/colecarlson/stepthrough/main.go:92.34,94.3 1 0
github.com/colecarlson/stepthrough/main.go:95.2,95.23 1 0
github.com/colecarlson/stepthrough/service/pipeline.go:18.80,22.2 3 0
github.com/colecarlson/stepthrough/service/pipeline.go:24.56,24.71 1 0
github.com/colecarlson/stepthrough/service/pipeline.go:26.56,27.18 1 0
github.com/colecarlson/stepthrough/service/pipeline.go:27.18,29.3 1 0
github.com/colecarlson/stepthrough/service/pipeline.go:32.80,34.2 1 0
github.com/colecarlson/stepthrough/service/pipeline.go:36.65,38.2 1 0
github.com/colecarlson/stepthrough/service/pipeline.go:40.53,42.2 1 0
github.com/colecarlson/stepthrough/service/pipeline.go:44.51,46.2 1 0
github.com/colecarlson/stepthrough/service/pipeline.go:48.39,50.2 1 0
github.com/colecarlson/stepthrough/service/pipeline.go:52.51,54.2 1 0
github.com/colecarlson/stepthrough/service/pipeline.go:56.37,58.2 1 0
github.com/colecarlson/stepthrough/service/ui.go:13.55,15.2 1 0
github.com/colecarlson/stepthrough/service/ui.go:17.50,17.65 1 0
github.com/colecarlson/stepthrough/service/ui.go:21.45,27.30 2 0
github.com/colecarlson/stepthrough/service/ui.go:27.30,29.3 1 0
github.com/colecarlson/stepthrough/service/ui.go:30.2,30.12 1 0
github.com/colecarlson/stepthrough/service/ui.go:30.12,31.47 1 0
github.com/colecarlson/stepthrough/service/ui.go:31.47,33.4 1 0
github.com/colecarlson/stepthrough/service/ui.go:35.2,35.13 1 0
github.com/colecarlson/stepthrough/service/watcher.go:20.96,22.2 1 0
github.com/colecarlson/stepthrough/service/watcher.go:26.51,28.16 2 0
github.com/colecarlson/stepthrough/service/watcher.go:28.16,30.3 1 0
github.com/colecarlson/stepthrough/service/watcher.go:31.2,36.16 4 0
github.com/colecarlson/stepthrough/service/watcher.go:36.16,38.3 1 0
github.com/colecarlson/stepthrough/service/watcher.go:39.2,41.41 2 0
github.com/colecarlson/stepthrough/service/watcher.go:41.41,43.3 1 0
github.com/colecarlson/stepthrough/service/watcher.go:46.2,47.6 2 0
github.com/colecarlson/stepthrough/service/watcher.go:47.6,48.10 1 0
github.com/colecarlson/stepthrough/service/watcher.go:49.38,50.11 1 0
github.com/colecarlson/stepthrough/service/watcher.go:50.11,52.5 1 0
github.com/colecarlson/stepthrough/service/watcher.go:53.4,53.63 1 0
github.com/colecarlson/stepthrough/service/watcher.go:53.63,54.24 1 0
github.com/colecarlson/stepthrough/service/watcher.go:54.24,56.6 1 0
github.com/colecarlson/stepthrough/service/watcher.go:57.5,57.62 1 0
github.com/colecarlson/stepthrough/service/watcher.go:59.36,60.11 1 0
github.com/colecarlson/stepthrough/service/watcher.go:60.11,62.5 1 0
github.com/colecarlson/stepthrough/service/watcher.go:63.4,63.40 1 0
github.com/colecarlson/stepthrough/service/watcher.go:69.50,71.2 1 0
github.com/colecarlson/stepthrough/service/watcher.go:73.35,76.18 2 0
github.com/colecarlson/stepthrough/service/watcher.go:76.18,79.3 2 0
github.com/colecarlson/stepthrough/service/watcher.go:81.2,82.23 2 0
